c:\users\makarandkalel\source\repos\chess\chess\debug\vc141.pdb
c:\users\makarandkalel\source\repos\chess\chess\debug\vc141.idb
c:\users\makarandkalel\source\repos\chess\chess\debug\bishop.obj
c:\users\makarandkalel\source\repos\chess\chess\debug\king.obj
c:\users\makarandkalel\source\repos\chess\chess\debug\knight.obj
c:\users\makarandkalel\source\repos\chess\chess\debug\pawn.obj
c:\users\makarandkalel\source\repos\chess\chess\debug\piece.obj
c:\users\makarandkalel\source\repos\chess\chess\debug\rook.obj
c:\users\makarandkalel\source\repos\chess\chess\debug\board.obj
c:\users\makarandkalel\source\repos\chess\chess\debug\main.obj
c:\users\makarandkalel\source\repos\chess\chess\debug\queen.obj
c:\users\makarandkalel\source\repos\chess\debug\chess.pdb
c:\users\makarandkalel\source\repos\chess\debug\chess.exe
c:\users\makarandkalel\source\repos\chess\debug\chess.ilk
c:\users\makarandkalel\source\repos\chess\chess\debug\chess.tlog\cl.command.1.tlog
c:\users\makarandkalel\source\repos\chess\chess\debug\chess.tlog\cl.read.1.tlog
c:\users\makarandkalel\source\repos\chess\chess\debug\chess.tlog\cl.write.1.tlog
c:\users\makarandkalel\source\repos\chess\chess\debug\chess.tlog\link.command.1.tlog
c:\users\makarandkalel\source\repos\chess\chess\debug\chess.tlog\link.read.1.tlog
c:\users\makarandkalel\source\repos\chess\chess\debug\chess.tlog\link.write.1.tlog
